<?xml version="1.0" encoding="UTF-8"?>
<!-- Generated by org.testng.reporters.JUnitXMLReporter -->
<testsuite ignored="0" hostname="DESKTOP-IC9DQ3D" failures="0" tests="2" name="BPC Testcases" time="70.076" errors="0" timestamp="2024-09-27T16:53:08 IST">
  <testcase classname="ITW_BO_MyBrands_FilterFunctionality_Testcases.TC_029_BPC_WPOC" name="BPC_WithPOC_Test" time="35.082"/>
  <testcase classname="ITW_BO_MyBrands_FilterFunctionality_Testcases.TC_030_BPC_WOPOC" name="BPC_WOPOC_Test" time="29.9"/>
</testsuite> <!-- BPC Testcases -->
