<?xml version="1.0" encoding="UTF-8"?>
<!-- Generated by org.testng.reporters.JUnitXMLReporter -->
<testsuite ignored="0" hostname="DESKTOP-IC9DQ3D" failures="0" tests="4" name="Co_BO_Test" time="161.898" errors="0" timestamp="2024-09-27T16:49:58 IST">
  <testcase classname="ITW_BO_MyBrands_FilterFunctionality_Testcases.TC_021_Co_BO_Specific_CO_BO" name="SpecificCo_BO_Test" time="37.122"/>
  <testcase classname="ITW_BO_MyBrands_FilterFunctionality_Testcases.TC_022_Mul_Co_BO" name="Mul_Co_BOTest" time="35.646"/>
  <testcase classname="ITW_BO_MyBrands_FilterFunctionality_Testcases.TC_023_CO_BO_SearchFun" name="Co_BO_Search" time="38.747"/>
  <testcase classname="ITW_BO_MyBrands_FilterFunctionality_Testcases.TC_025_CO_BO_NavigateBack" name="CO_BO_Navigate_Back_Test" time="38.929"/>
</testsuite> <!-- Co_BO_Test -->
