<?xml version="1.0" encoding="UTF-8"?>
<!-- Generated by org.testng.reporters.JUnitXMLReporter -->
<testsuite ignored="0" hostname="DESKTOP-IC9DQ3D" failures="1" tests="1" name="Cross Browser Test" time="11.371" errors="0" timestamp="2024-09-27T16:58:09 IST">
  <testcase classname="ITW_BO_MyBrands_FilterFunctionality_Testcases.TC_011_Reg_Cities_CrossbrowsersTesting" name="Reg_CitiesFun_CrossBrowsersTest" time="5.081">
    <failure type="java.util.NoSuchElementException">
      <![CDATA[java.util.NoSuchElementException
at java.base/java.util.LinkedHashMap$LinkedHashIterator.nextNode(LinkedHashMap.java:1025)
at java.base/java.util.LinkedHashMap$LinkedKeyIterator.next(LinkedHashMap.java:1046)
at ITW_PageObjects.ITW_LoginPage.LoginActions(ITW_LoginPage.java:50)
at ITW_BO_MyBrands_FilterFunctionality_Testcases.TC_011_Reg_Cities_CrossbrowsersTesting.Reg_CitiesFun_CrossBrowsersTest(TC_011_Reg_Cities_CrossbrowsersTesting.java:19)
at java.base/java.util.ArrayList.forEach(ArrayList.java:1597)
... Removed 25 stack frames]]>
    </failure>
  </testcase> <!-- Reg_CitiesFun_CrossBrowsersTest -->
</testsuite> <!-- Cross Browser Test -->
