<?xml version="1.0" encoding="UTF-8"?>
<!-- Generated by org.testng.reporters.JUnitXMLReporter -->
<testsuite ignored="0" hostname="DESKTOP-IC9DQ3D" failures="0" tests="3" name="Current Inventories Test" time="120.053" errors="0" timestamp="2024-09-27T16:51:58 IST">
  <testcase classname="ITW_BO_MyBrands_FilterFunctionality_Testcases.TC_026_CI_Specific_Inventory" name="SelectSpecificInventoryTest" time="40.181"/>
  <testcase classname="ITW_BO_MyBrands_FilterFunctionality_Testcases.TC_027_CI_MultipleInventories" name="SelectMultipleInventoriesTest" time="34.892"/>
  <testcase classname="ITW_BO_MyBrands_FilterFunctionality_Testcases.TC_028_CI_NavigateBackArrow" name="CI_NavigatebackArrowTest" time="34.532"/>
</testsuite> <!-- Current Inventories Test -->
